android/NICSMobile/proguard/seeds.txt
edu.mit.ll.nics.android.AboutActivity
edu.mit.ll.nics.android.AboutActivity: AboutActivity()
edu.mit.ll.nics.android.LoginActivity
edu.mit.ll.nics.android.LoginActivity: LoginActivity()
edu.mit.ll.nics.android.MainActivity
edu.mit.ll.nics.android.MainActivity: MainActivity()
edu.mit.ll.nics.android.SettingsActivity
edu.mit.ll.nics.android.SettingsActivity: SettingsActivity()
edu.mit.ll.nics.android.SettingsActivity$GeneralPreferenceFragment
edu.mit.ll.nics.android.SettingsActivity$GeneralPreferenceFragment: SettingsActivity$GeneralPreferenceFragment()
edu.mit.ll.nics.android.SettingsActivity$OtherPreferenceFragment
edu.mit.ll.nics.android.SettingsActivity$SyncPreferenceFragment
edu.mit.ll.nics.android.SettingsActivity$SyncPreferenceFragment: SettingsActivity$SyncPreferenceFragment()
edu.mit.ll.nics.android.action.providers.ChatActionProvider
edu.mit.ll.nics.android.action.providers.ChatActionProvider: ChatActionProvider(android.content.Context)
edu.mit.ll.nics.android.action.providers.MapMarkupActionProvider
edu.mit.ll.nics.android.action.providers.MapMarkupActionProvider: MapMarkupActionProvider(android.content.Context)
edu.mit.ll.nics.android.action.providers.MapMarkupLayerProvider
edu.mit.ll.nics.android.action.providers.MapMarkupLayerProvider: MapMarkupLayerProvider(android.content.Context)
edu.mit.ll.nics.android.api.data.ARPlacemark
edu.mit.ll.nics.android.api.data.ARPlacemark: float mX
edu.mit.ll.nics.android.api.data.ARPlacemark: float mY
edu.mit.ll.nics.android.api.data.ARPlacemark: gov.nasa.worldwind.geom.LatLon mLocation
edu.mit.ll.nics.android.api.data.ARPlacemark: double mDistance
edu.mit.ll.nics.android.api.data.ARPlacemark: java.lang.String mName
edu.mit.ll.nics.android.api.data.ARPlacemark: double mHeading
edu.mit.ll.nics.android.api.data.ARPlacemark: ARPlacemark(java.lang.String,float,float,gov.nasa.worldwind.geom.LatLon,double)
edu.mit.ll.nics.android.api.data.ARPlacemark: java.lang.String getName()
edu.mit.ll.nics.android.api.data.ARPlacemark: void setName(java.lang.String)
edu.mit.ll.nics.android.api.data.ARPlacemark: float getX()
edu.mit.ll.nics.android.api.data.ARPlacemark: void setX(float)
edu.mit.ll.nics.android.api.data.ARPlacemark: float getY()
edu.mit.ll.nics.android.api.data.ARPlacemark: void setY(float)
edu.mit.ll.nics.android.api.data.ARPlacemark: gov.nasa.worldwind.geom.LatLon getLocation()
edu.mit.ll.nics.android.api.data.ARPlacemark: void setLocation(gov.nasa.worldwind.geom.LatLon)
edu.mit.ll.nics.android.api.data.ARPlacemark: double getDistance()
edu.mit.ll.nics.android.api.data.ARPlacemark: void setDistance(double)
edu.mit.ll.nics.android.api.data.ARPlacemark: double getHeading()
edu.mit.ll.nics.android.api.data.ARPlacemark: void setCurrentHeading(double)
...
com.google.common.base.Functions$IdentityFunction: com.google.common.base.Functions$IdentityFunction[] values()
com.google.common.base.Functions$IdentityFunction: com.google.common.base.Functions$IdentityFunction valueOf(java.lang.String)
com.google.common.base.Functions$ToStringFunction: com.google.common.base.Functions$ToStringFunction[] values()
com.google.common.base.Functions$ToStringFunction: com.google.common.base.Functions$ToStringFunction valueOf(java.lang.String)
com.google.common.base.Predicates$ObjectPredicate: com.google.common.base.Predicates$ObjectPredicate[] values()
com.google.common.base.Predicates$ObjectPredicate: com.google.common.base.Predicates$ObjectPredicate valueOf(java.lang.String)
com.google.common.base.Splitter$AbstractIterator$State: com.google.common.base.Splitter$AbstractIterator$State[] values()
com.google.common.base.Splitter$AbstractIterator$State: com.google.common.base.Splitter$AbstractIterator$State valueOf(java.lang.String)
com.google.common.base.Suppliers$SupplierFunction: com.google.common.base.Suppliers$SupplierFunction[] values()
com.google.common.base.Suppliers$SupplierFunction: com.google.common.base.Suppliers$SupplierFunction valueOf(java.lang.String)
com.google.common.collect.AbstractIterator$State: com.google.common.collect.AbstractIterator$State[] values()
com.google.common.collect.AbstractIterator$State: com.google.common.collect.AbstractIterator$State valueOf(java.lang.String)
com.google.common.collect.Constraints$NotNullConstraint: com.google.common.collect.Constraints$NotNullConstraint[] values()
com.google.common.collect.Constraints$NotNullConstraint: com.google.common.collect.Constraints$NotNullConstraint valueOf(java.lang.String)
com.google.common.collect.CustomConcurrentHashMap$EntryFactory: com.google.common.collect.CustomConcurrentHashMap$EntryFactory[] values()
com.google.common.collect.CustomConcurrentHashMap$EntryFactory: com.google.common.collect.CustomConcurrentHashMap$EntryFactory valueOf(java.lang.String)
com.google.common.collect.CustomConcurrentHashMap$NullEntry: com.google.common.collect.CustomConcurrentHashMap$NullEntry[] values()
com.google.common.collect.CustomConcurrentHashMap$NullEntry: com.google.common.collect.CustomConcurrentHashMap$NullEntry valueOf(java.lang.String)
com.google.common.collect.CustomConcurrentHashMap$Strength: com.google.common.collect.CustomConcurrentHashMap$Strength[] values()
com.google.common.collect.CustomConcurrentHashMap$Strength: com.google.common.collect.CustomConcurrentHashMap$Strength valueOf(java.lang.String)
com.google.common.collect.MapConstraints$NotNullMapConstraint: com.google.common.collect.MapConstraints$NotNullMapConstraint[] values()
com.google.common.collect.MapConstraints$NotNullMapConstraint: com.google.common.collect.MapConstraints$NotNullMapConstraint valueOf(java.lang.String)
com.google.common.collect.MapMaker$NullListener: com.google.common.collect.MapMaker$NullListener[] values()
com.google.common.collect.MapMaker$NullListener: com.google.common.collect.MapMaker$NullListener valueOf(java.lang.String)
com.google.common.collect.SortedLists$Relation: com.google.common.collect.SortedLists$Relation[] values()
com.google.common.collect.SortedLists$Relation: com.google.common.collect.SortedLists$Relation valueOf(java.lang.String)
com.google.common.primitives.Booleans$LexicographicalComparator: com.google.common.primitives.Booleans$LexicographicalComparator[] values()
com.google.common.primitives.Booleans$LexicographicalComparator: com.google.common.primitives.Booleans$LexicographicalComparator valueOf(java.lang.String)
com.google.common.primitives.Chars$LexicographicalComparator: com.google.common.primitives.Chars$LexicographicalComparator[] values()
com.google.common.primitives.Chars$LexicographicalComparator: com.google.common.primitives.Chars$LexicographicalComparator valueOf(java.lang.String)