android/NICSMobile/proguard/mapping.txt
edu.mit.ll.nics.android.AboutActivity -> edu.mit.ll.nics.android.AboutActivity:
    edu.mit.ll.nics.android.fragments.AboutFragment mAboutFragment -> e
    void <init>() -> <init>
    void onCreate(android.os.Bundle) -> onCreate
    void onPostCreate(android.os.Bundle) -> onPostCreate
edu.mit.ll.nics.android.BluetoothLRF -> edu.mit.ll.nics.android.a:
    edu.mit.ll.nics.android.BluetoothLRF mInstance -> b
    edu.mit.ll.nics.android.OnLRFDataListener mListener -> c
    android.bluetooth.BluetoothAdapter mBluetoothAdapter -> d
    android.bluetooth.BluetoothDevice mmDevice -> e
    android.bluetooth.BluetoothSocket mmSocket -> f
    java.io.OutputStream mmOutputStream -> g
    java.io.InputStream mmInputStream -> h
    boolean stopWorker -> i
    java.lang.Thread workerThread -> j
    android.app.Activity mContext -> k
    net.sf.marineapi.nmea.sentence.LTITSentence mSentence -> a
    boolean mConnectedToDevice -> l
    android.os.AsyncTask mBluetoothTask -> m
    void <init>() -> <init>
    edu.mit.ll.nics.android.BluetoothLRF getInstance(android.app.Activity,edu.mit.ll.nics.android.OnLRFDataListener) -> a
    void findBT() -> a
    boolean pairDevice() -> k
    boolean openBT() -> b
    boolean isBluetoothAdapterEnabled() -> c
    void closeBT() -> d
    void setOnLRFListener(edu.mit.ll.nics.android.OnLRFDataListener) -> a
    boolean isConnectedToDevice() -> e
    void cancelConnect() -> f
    java.lang.String getName() -> g
    android.bluetooth.BluetoothDevice getPairedDevice() -> h
    android.bluetooth.BluetoothAdapter access$0(edu.mit.ll.nics.android.BluetoothLRF) -> a
    void access$1(edu.mit.ll.nics.android.BluetoothLRF,android.bluetooth.BluetoothAdapter) -> a
    java.io.OutputStream access$2(edu.mit.ll.nics.android.BluetoothLRF) -> b
edu.mit.ll.nics.android.BluetoothLRF$1 -> edu.mit.ll.nics.android.b:
    edu.mit.ll.nics.android.BluetoothLRF this$0 -> a
    void <init>(edu.mit.ll.nics.android.BluetoothLRF) -> <init>
    void run() -> run
edu.mit.ll.nics.android.BluetoothLRF$BluetoothTask -> edu.mit.ll.nics.android.c:
    edu.mit.ll.nics.android.BluetoothLRF this$0 -> a
    void <init>(edu.mit.ll.nics.android.BluetoothLRF) -> <init>
    java.lang.Boolean doInBackground$5f8445a4() -> a
    void onPostExecute(java.lang.Object) -> onPostExecute
    java.lang.Object doInBackground(java.lang.Object[]) -> doInBackground
    void <init>(edu.mit.ll.nics.android.BluetoothLRF,byte) -> <init>
edu.mit.ll.nics.android.LRF_HV -> edu.mit.ll.nics.android.d:
    double horizontalDistanceValue -> a
    double azimuthValue -> b
    double reckonedLatitude -> c
    double reckonedLongitude -> d
    void <init>() -> <init>
    void setHorizontalDistanceValue(double) -> a
    void setAzimuthValue(double) -> b
    double[] getReckonedLocation(float,float,float) -> a
    double[] vreckon$40989dec(float,float) -> a
...
com.google.android.gms.maps.internal.IUiSettingsDelegate$a$a -> com.google.android.gms.maps.a.u:
    android.os.IBinder a -> a
    void <init>(android.os.IBinder) -> <init>
    android.os.IBinder asBinder() -> asBinder
    void setZoomControlsEnabled(boolean) -> a
    void setCompassEnabled(boolean) -> b
    void setMyLocationButtonEnabled(boolean) -> c
    void setScrollGesturesEnabled(boolean) -> d
    void setZoomGesturesEnabled(boolean) -> e
    void setTiltGesturesEnabled(boolean) -> f
    void setRotateGesturesEnabled(boolean) -> g
    void setAllGesturesEnabled(boolean) -> h
    boolean isZoomControlsEnabled() -> a
    boolean isCompassEnabled() -> b
    boolean isMyLocationButtonEnabled() -> c
    boolean isScrollGesturesEnabled() -> d
    boolean isZoomGesturesEnabled() -> e
    boolean isTiltGesturesEnabled() -> f
    boolean isRotateGesturesEnabled() -> g
com.google.android.gms.maps.internal.b -> com.google.android.gms.maps.a.v:
    void onFinish() -> a
    void onCancel() -> b
com.google.android.gms.maps.internal.b$a -> com.google.android.gms.maps.a.w:
    com.google.android.gms.maps.internal.b u(android.os.IBinder) -> a
    boolean onTransact(int,android.os.Parcel,android.os.Parcel,int) -> onTransact
com.google.android.gms.maps.internal.b$a$a -> com.google.android.gms.maps.a.x:
    android.os.IBinder a -> a
    void <init>(android.os.IBinder) -> <init>
    android.os.IBinder asBinder() -> asBinder
    void onFinish() -> a
    void onCancel() -> b
com.google.android.gms.maps.internal.c -> com.google.android.gms.maps.a.y:
    void c(com.google.android.gms.dynamic.b) -> a
    com.google.android.gms.maps.internal.IMapFragmentDelegate d(com.google.android.gms.dynamic.b) -> b
    com.google.android.gms.maps.internal.IMapViewDelegate a(com.google.android.gms.dynamic.b,com.google.android.gms.maps.GoogleMapOptions) -> a
    com.google.android.gms.maps.internal.ICameraUpdateFactoryDelegate bk() -> a
    com.google.android.gms.maps.model.internal.a bl() -> b
    void a(com.google.android.gms.dynamic.b,int) -> a
com.google.android.gms.maps.internal.c$a -> com.google.android.gms.maps.a.z:
    com.google.android.gms.maps.internal.c v(android.os.IBinder) -> a
    boolean onTransact(int,android.os.Parcel,android.os.Parcel,int) -> onTransact
com.google.android.gms.maps.internal.c$a$a -> com.google.android.gms.maps.a.A:
    android.os.IBinder a -> a
    void <init>(android.os.IBinder) -> <init>
    android.os.IBinder asBinder() -> asBinder
    void c(com.google.android.gms.dynamic.b) -> a
    com.google.android.gms.maps.internal.IMapFragmentDelegate d(com.google.android.gms.dynamic.b) -> b
    com.google.android.gms.maps.internal.IMapViewDelegate a(com.google.android.gms.dynamic.b,com.google.android.gms.maps.GoogleMapOptions) -> a
    com.google.android.gms.maps.internal.ICameraUpdateFactoryDelegate bk() -> a
    com.google.android.gms.maps.model.internal.a bl() -> b
    void a(com.google.android.gms.dynamic.b,int) -> a
com.google.android.gms.maps.internal.d -> com.google.android.gms.maps.a.B:
    com.google.android.gms.dynamic.b f(com.google.android.gms.maps.model.internal.d) -> a
    com.google.android.gms.dynamic.b g(com.google.android.gms.maps.model.internal.d) -> b
com.google.android.gms.maps.internal.d$a -> com.google.android.gms.maps.a.C:
    void <init>() -> <init>
    android.os.IBinder asBinder() -> asBinder
    boolean onTransact(int,android.os.Parcel,android.os.Parcel,int) -> onTransact
com.google.android.gms.maps.internal.d$a$a -> com.google.android.gms.maps.a.D:
    android.os.IBinder a -> a
    void <init>(android.os.IBinder) -> <init>
    android.os.IBinder asBinder() -> asBinder
    com.google.android.gms.dynamic.b f(com.google.android.gms.maps.model.internal.d) -> a
    com.google.android.gms.dynamic.b g(com.google.android.gms.maps.model.internal.d) -> b
com.google.android.gms.maps.internal.e -> com.google.android.gms.maps.a.E:
    void onCameraChange(com.google.android.gms.maps.model.CameraPosition) -> a