android/NICSMobile/proguard/usage.txt
edu.mit.ll.nics.android.BluetoothLRF:
    public static final int REQUEST_ENABLE
    196:196:public net.sf.marineapi.nmea.sentence.LTITSentence getLatestData()
    208:212:public void sendData()
edu.mit.ll.nics.android.BuildConfig
edu.mit.ll.nics.android.LRF_HV:
    36:36:public java.lang.String getHorizontalDistanceUnits()
    52:52:public java.lang.String getAzimuthUnits()
    60:60:public double getInclinationValue()
    68:68:public java.lang.String getInclinationUnits()
    76:76:public double getSlopeDistanceValue()
    84:84:public java.lang.String getSlopeDistanceUnits()
edu.mit.ll.nics.android.MainActivity:
    private static final java.lang.String STATE_SELECTED_NAVIGATION_ITEM
    private static final java.lang.String STATE_BACK_STACK
    private static final java.lang.String STATE_REPORT_OPENED_FROM_MAP
    private static final java.lang.String STATE_IS_EDIT_FIELD_REPORT
    private static final java.lang.String STATE_IS_VIEW_FIELD_REPORT
    private static final java.lang.String STATE_IS_EDIT_DAMAGE_REPORT
    private static final java.lang.String STATE_IS_VIEW_DAMAGE_REPORT
    private static final java.lang.String STATE_IS_EDIT_SIMPLE_REPORT
    private static final java.lang.String STATE_IS_VIEW_SIMPLE_REPORT
    private static final java.lang.String STATE_IS_EDIT_RESOURCE_REQUEST
    private static final java.lang.String STATE_IS_VIEW_RESOURCE_REQUEST
    private static final java.lang.String STATE_IS_EDIT_WEATHER_REPORT
    private static final java.lang.String STATE_IS_VIEW_WEATHER_REPORT
    private static final java.lang.String STATE_IS_EDIT_UXO_REPORT
    private static final java.lang.String STATE_IS_VIEW_UXO_REPORT
    332:335:private android.content.Context getActionBarThemedContextCompat()
    1530:1541:public void showLRFError(java.lang.String)
edu.mit.ll.nics.android.MainActivity$5
edu.mit.ll.nics.android.Manifest
edu.mit.ll.nics.android.Manifest$permission
edu.mit.ll.nics.android.R:
    10:10:public R()
edu.mit.ll.nics.android.R$anim
edu.mit.ll.nics.android.R$array
edu.mit.ll.nics.android.R$attr
edu.mit.ll.nics.android.R$bool
edu.mit.ll.nics.android.R$color
edu.mit.ll.nics.android.R$dimen
edu.mit.ll.nics.android.R$drawable
edu.mit.ll.nics.android.R$id
edu.mit.ll.nics.android.R$integer
edu.mit.ll.nics.android.R$layout
edu.mit.ll.nics.android.R$menu
edu.mit.ll.nics.android.R$raw
edu.mit.ll.nics.android.R$string
edu.mit.ll.nics.android.R$style
edu.mit.ll.nics.android.R$styleable:
    public static final int ActionBar_background
    public static final int ActionBar_backgroundSplit
    public static final int ActionBar_backgroundStacked
    public static final int ActionBar_customNavigationLayout
    public static final int ActionBar_displayOptions
    public static final int ActionBar_divider
    public static final int ActionBar_height
    public static final int ActionBar_homeLayout
    public static final int ActionBar_icon
    public static final int ActionBar_indeterminateProgressStyle
    public static final int ActionBar_itemPadding
    public static final int ActionBar_logo
    public static final int ActionBar_navigationMode
    public static final int ActionBar_progressBarPadding
    public static final int ActionBar_progressBarStyle
    public static final int ActionBar_subtitle
    public static final int ActionBar_subtitleTextStyle
    public static final int ActionBar_title
    public static final int ActionBar_titleTextStyle
    public static final int ActionBarLayout_android_layout_gravity
    public static final int ActionBarWindow_windowActionBar
    public static final int ActionBarWindow_windowActionBarOverlay
    public static final int ActionBarWindow_windowFixedHeightMajor
    public static final int ActionBarWindow_windowFixedHeightMinor
    public static final int ActionBarWindow_windowFixedWidthMajor
    public static final int ActionBarWindow_windowFixedWidthMinor
edu.mit.ll.nics.android.R$xml
...
org.apache.commons.codec.BinaryEncoder
org.apache.commons.codec.Decoder
org.apache.commons.codec.DecoderException
org.apache.commons.codec.Encoder
org.apache.commons.codec.EncoderException
org.apache.commons.codec.StringDecoder
org.apache.commons.codec.StringEncoder
org.apache.commons.codec.StringEncoderComparator
org.apache.commons.codec.binary.Base64
org.apache.commons.codec.binary.BinaryCodec
org.apache.commons.codec.binary.Hex
org.apache.commons.codec.digest.DigestUtils
org.apache.commons.codec.language.DoubleMetaphone
org.apache.commons.codec.language.DoubleMetaphone$DoubleMetaphoneResult
org.apache.commons.codec.language.Metaphone
org.apache.commons.codec.language.RefinedSoundex
org.apache.commons.codec.language.Soundex
org.apache.commons.codec.language.SoundexUtils
org.apache.commons.codec.net.BCodec
org.apache.commons.codec.net.QCodec
org.apache.commons.codec.net.QuotedPrintableCodec
org.apache.commons.codec.net.RFC1522Codec
org.apache.commons.codec.net.StringEncodings
org.apache.commons.codec.net.URLCodec
org.apache.commons.collections4.ArrayStack
org.apache.commons.collections4.Bag
org.apache.commons.collections4.BagUtils
org.apache.commons.collections4.BidiMap:
    public abstract java.lang.Object put(java.lang.Object,java.lang.Object)
    public abstract java.lang.Object removeValue(java.lang.Object)
    public abstract org.apache.commons.collections4.BidiMap inverseBidiMap()
org.apache.commons.collections4.BoundedCollection
org.apache.commons.collections4.BoundedMap
org.apache.commons.collections4.Closure
org.apache.commons.collections4.ClosureUtils
org.apache.commons.collections4.CollectionUtils
org.apache.commons.collections4.CollectionUtils$1
org.apache.commons.collections4.CollectionUtils$CardinalityHelper
org.apache.commons.collections4.CollectionUtils$EquatorWrapper
org.apache.commons.collections4.CollectionUtils$SetOperationCardinalityHelper
org.apache.commons.collections4.ComparatorUtils
org.apache.commons.collections4.EnumerationUtils
org.apache.commons.collections4.Factory
org.apache.commons.collections4.FactoryUtils
org.apache.commons.collections4.FunctorException
org.apache.commons.collections4.Get
org.apache.commons.collections4.IterableGet
org.apache.commons.collections4.IterableSortedMap
org.apache.commons.collections4.IteratorUtils
org.apache.commons.collections4.KeyValue
org.apache.commons.collections4.ListUtils
org.apache.commons.collections4.ListUtils$1
org.apache.commons.collections4.ListUtils$CharSequenceAsList
org.apache.commons.collections4.ListUtils$LcsVisitor
org.apache.commons.collections4.ListUtils$Partition
org.apache.commons.collections4.MapIterator:
    public abstract java.lang.Object getKey()
    public abstract void remove()
    public abstract java.lang.Object setValue(java.lang.Object)
org.apache.commons.collections4.MapUtils
org.apache.commons.collections4.MapUtils$1
org.apache.commons.collections4.MapUtils$2
org.apache.commons.collections4.MultiMap
org.apache.commons.collections4.OrderedBidiMap:
    public abstract org.apache.commons.collections4.OrderedBidiMap inverseBidiMap()
org.apache.commons.collections4.OrderedIterator:
    public abstract boolean hasPrevious()
    public abstract java.lang.Object previous()
org.apache.commons.collections4.OrderedMap:
    public abstract org.apache.commons.collections4.OrderedMapIterator mapIterator()
    public abstract java.lang.Object firstKey()
    public abstract java.lang.Object lastKey()
    public abstract java.lang.Object nextKey(java.lang.Object)
    public abstract java.lang.Object previousKey(java.lang.Object)
org.apache.commons.collections4.OrderedMapIterator:
    public abstract boolean hasPrevious()
    public abstract java.lang.Object previous()
org.apache.commons.collections4.Predicate
org.apache.commons.collections4.PredicateUtils
org.apache.commons.collections4.Put
org.apache.commons.collections4.QueueUtils
org.apache.commons.collections4.ResettableIterator
org.apache.commons.collections4.ResettableListIterator